# JRE version: Java(TM) SE Runtime Environment (8.0_51-b16) (build 1.8.0_51-b16)
# Java VM: Java HotSpot(TM) 64-Bit Server VM (25.51-b03 mixed mode windows-amd64 compressed oops)
Heap:
 PSYoungGen      total 139264K, used 32307K [0x00000000eb580000, 0x00000000f5180000, 0x0000000100000000)
  eden space 124928K, 15% used [0x00000000eb580000,0x00000000ec8f8960,0x00000000f2f80000)
  from space 14336K, 86% used [0x00000000f3f80000,0x00000000f4b94428,0x00000000f4d80000)
  to   space 16384K, 0% used [0x00000000f2f80000,0x00000000f2f80000,0x00000000f3f80000)
 ParOldGen       total 42496K, used 21725K [0x00000000c2000000, 0x00000000c4980000, 0x00000000eb580000)
  object space 42496K, 51% used [0x00000000c2000000,0x00000000c3537500,0x00000000c4980000)
 Metaspace       used 3807K, capacity 5176K, committed 5376K, reserved 1056768K
  class space    used 400K, capacity 488K, committed 512K, reserved 1048576K
GC Heap History (10 events):
Event: 0.666 GC heap before
{Heap before GC invocations=2 (full 0):
 PSYoungGen      total 18432K, used 18415K [0x00000000eb580000, 0x00000000ed980000, 0x0000000100000000)
  eden space 15872K, 100% used [0x00000000eb580000,0x00000000ec500000,0x00000000ec500000)
  from space 2560K, 99% used [0x00000000ec500000,0x00000000ec77be80,0x00000000ec780000)
  to   space 2560K, 0% used [0x00000000ed700000,0x00000000ed700000,0x00000000ed980000)
 ParOldGen       total 42496K, used 28K [0x00000000c2000000, 0x00000000c4980000, 0x00000000eb580000)
  object space 42496K, 0% used [0x00000000c2000000,0x00000000c2007290,0x00000000c4980000)
 Metaspace       used 3762K, capacity 5080K, committed 5376K, reserved 1056768K
  class space    used 395K, capacity 456K, committed 512K, reserved 1048576K
Event: 0.681 GC heap after
Heap after GC invocations=2 (full 0):
 PSYoungGen      total 34304K, used 2547K [0x00000000eb580000, 0x00000000ed980000, 0x0000000100000000)
  eden space 31744K, 0% used [0x00000000eb580000,0x00000000eb580000,0x00000000ed480000)
  from space 2560K, 99% used [0x00000000ed700000,0x00000000ed97cf80,0x00000000ed980000)
  to   space 2560K, 0% used [0x00000000ed480000,0x00000000ed480000,0x00000000ed700000)
 ParOldGen       total 42496K, used 922K [0x00000000c2000000, 0x00000000c4980000, 0x00000000eb580000)
  object space 42496K, 2% used [0x00000000c2000000,0x00000000c20e69c0,0x00000000c4980000)
 Metaspace       used 3762K, capacity 5080K, committed 5376K, reserved 1056768K
  class space    used 395K, capacity 456K, committed 512K, reserved 1048576K
}
Event: 0.933 GC heap before
{Heap before GC invocations=3 (full 0):
 PSYoungGen      total 34304K, used 34291K [0x00000000eb580000, 0x00000000ed980000, 0x0000000100000000)
  eden space 31744K, 100% used [0x00000000eb580000,0x00000000ed480000,0x00000000ed480000)
  from space 2560K, 99% used [0x00000000ed700000,0x00000000ed97cf80,0x00000000ed980000)
  to   space 2560K, 0% used [0x00000000ed480000,0x00000000ed480000,0x00000000ed700000)
 ParOldGen       total 42496K, used 922K [0x00000000c2000000, 0x00000000c4980000, 0x00000000eb580000)
  object space 42496K, 2% used [0x00000000c2000000,0x00000000c20e69c0,0x00000000c4980000)
 Metaspace       used 3797K, capacity 5176K, committed 5376K, reserved 1056768K
  class space    used 400K, capacity 488K, committed 512K, reserved 1048576K
Event: 0.959 GC heap after
Heap after GC invocations=3 (full 0):
 PSYoungGen      total 34304K, used 2528K [0x00000000eb580000, 0x00000000ef880000, 0x0000000100000000)
  eden space 31744K, 0% used [0x00000000eb580000,0x00000000eb580000,0x00000000ed480000)
  from space 2560K, 98% used [0x00000000ed480000,0x00000000ed6f8010,0x00000000ed700000)
  to   space 2560K, 0% used [0x00000000ef600000,0x00000000ef600000,0x00000000ef880000)
 ParOldGen       total 42496K, used 5852K [0x00000000c2000000, 0x00000000c4980000, 0x00000000eb580000)
  object space 42496K, 13% used [0x00000000c2000000,0x00000000c25b7068,0x00000000c4980000)
 Metaspace       used 3797K, capacity 5176K, committed 5376K, reserved 1056768K
  class space    used 400K, capacity 488K, committed 512K, reserved 1048576K
}
Event: 1.137 GC heap before
{Heap before GC invocations=4 (full 0):
 PSYoungGen      total 34304K, used 34272K [0x00000000eb580000, 0x00000000ef880000, 0x0000000100000000)
  eden space 31744K, 100% used [0x00000000eb580000,0x00000000ed480000,0x00000000ed480000)
  from space 2560K, 98% used [0x00000000ed480000,0x00000000ed6f8010,0x00000000ed700000)
  to   space 2560K, 0% used [0x00000000ef600000,0x00000000ef600000,0x00000000ef880000)
 ParOldGen       total 42496K, used 5852K [0x00000000c2000000, 0x00000000c4980000, 0x00000000eb580000)
  object space 42496K, 13% used [0x00000000c2000000,0x00000000c25b7068,0x00000000c4980000)
 Metaspace       used 3802K, capacity 5176K, committed 5376K, reserved 1056768K
  class space    used 400K, capacity 488K, committed 512K, reserved 1048576K
Event: 1.165 GC heap after
Heap after GC invocations=4 (full 0):
 PSYoungGen      total 66048K, used 2528K [0x00000000eb580000, 0x00000000ef880000, 0x0000000100000000)
  eden space 63488K, 0% used [0x00000000eb580000,0x00000000eb580000,0x00000000ef380000)
  from space 2560K, 98% used [0x00000000ef600000,0x00000000ef878010,0x00000000ef880000)
  to   space 2560K, 0% used [0x00000000ef380000,0x00000000ef380000,0x00000000ef600000)
 ParOldGen       total 42496K, used 11170K [0x00000000c2000000, 0x00000000c4980000, 0x00000000eb580000)
  object space 42496K, 26% used [0x00000000c2000000,0x00000000c2ae8af8,0x00000000c4980000)
 Metaspace       used 3802K, capacity 5176K, committed 5376K, reserved 1056768K
  class space    used 400K, capacity 488K, committed 512K, reserved 1048576K
}
Event: 1.516 GC heap before
{Heap before GC invocations=5 (full 0):
 PSYoungGen      total 66048K, used 66016K [0x00000000eb580000, 0x00000000ef880000, 0x0000000100000000)
  eden space 63488K, 100% used [0x00000000eb580000,0x00000000ef380000,0x00000000ef380000)
  from space 2560K, 98% used [0x00000000ef600000,0x00000000ef878010,0x00000000ef880000)
  to   space 2560K, 0% used [0x00000000ef380000,0x00000000ef380000,0x00000000ef600000)
 ParOldGen       total 42496K, used 11170K [0x00000000c2000000, 0x00000000c4980000, 0x00000000eb580000)
  object space 42496K, 26% used [0x00000000c2000000,0x00000000c2ae8af8,0x00000000c4980000)
 Metaspace       used 3804K, capacity 5176K, committed 5376K, reserved 1056768K
  class space    used 400K, capacity 488K, committed 512K, reserved 1048576K
Event: 1.572 GC heap after
Heap after GC invocations=5 (full 0):
 PSYoungGen      total 66048K, used 2528K [0x00000000eb580000, 0x00000000f4d80000, 0x0000000100000000)
  eden space 63488K, 0% used [0x00000000eb580000,0x00000000eb580000,0x00000000ef380000)
  from space 2560K, 98% used [0x00000000ef380000,0x00000000ef5f8010,0x00000000ef600000)
  to   space 14336K, 0% used [0x00000000f3f80000,0x00000000f3f80000,0x00000000f4d80000)
 ParOldGen       total 42496K, used 21717K [0x00000000c2000000, 0x00000000c4980000, 0x00000000eb580000)
  object space 42496K, 51% used [0x00000000c2000000,0x00000000c3535500,0x00000000c4980000)
 Metaspace       used 3804K, capacity 5176K, committed 5376K, reserved 1056768K
  class space    used 400K, capacity 488K, committed 512K, reserved 1048576K
}
Event: 1.896 GC heap before
{Heap before GC invocations=6 (full 0):
 PSYoungGen      total 66048K, used 66016K [0x00000000eb580000, 0x00000000f4d80000, 0x0000000100000000)
  eden space 63488K, 100% used [0x00000000eb580000,0x00000000ef380000,0x00000000ef380000)
  from space 2560K, 98% used [0x00000000ef380000,0x00000000ef5f8010,0x00000000ef600000)
  to   space 14336K, 0% used [0x00000000f3f80000,0x00000000f3f80000,0x00000000f4d80000)
 ParOldGen       total 42496K, used 21717K [0x00000000c2000000, 0x00000000c4980000, 0x00000000eb580000)
  object space 42496K, 51% used [0x00000000c2000000,0x00000000c3535500,0x00000000c4980000)
 Metaspace       used 3807K, capacity 5176K, committed 5376K, reserved 1056768K
  class space    used 400K, capacity 488K, committed 512K, reserved 1048576K
Event: 1.926 GC heap after
Heap after GC invocations=6 (full 0):
 PSYoungGen      total 139264K, used 12369K [0x00000000eb580000, 0x00000000f5180000, 0x0000000100000000)
  eden space 124928K, 0% used [0x00000000eb580000,0x00000000eb580000,0x00000000f2f80000)
  from space 14336K, 86% used [0x00000000f3f80000,0x00000000f4b94428,0x00000000f4d80000)
  to   space 16384K, 0% used [0x00000000f2f80000,0x00000000f2f80000,0x00000000f3f80000)
 ParOldGen       total 42496K, used 21725K [0x00000000c2000000, 0x00000000c4980000, 0x00000000eb580000)
  object space 42496K, 51% used [0x00000000c2000000,0x00000000c3537500,0x00000000c4980000)
 Metaspace       used 3807K, capacity 5176K, committed 5376K, reserved 1056768K
  class space    used 400K, capacity 488K, committed 512K, reserved 1048576K
}

