# JRE version: Java(TM) SE Runtime Environment (8.0_51-b16) (build 1.8.0_51-b16)
# Java VM: Java HotSpot(TM) 64-Bit Server VM (25.51-b03 mixed mode windows-amd64 compressed oops)
Heap:
 PSYoungGen      total 291328K, used 289600K [0x00000000eab00000, 0x0000000100000000, 0x0000000100000000)
  eden space 236544K, 99% used [0x00000000eab00000,0x00000000f9056af0,0x00000000f9200000)
  from space 54784K, 99% used [0x00000000f9200000,0x00000000fc779638,0x00000000fc780000)
  to   space 57856K, 0% used [0x00000000fc780000,0x00000000fc780000,0x0000000100000000)
 ParOldGen       total 241664K, used 150189K [0x00000000c0000000, 0x00000000cec00000, 0x00000000eab00000)
  object space 241664K, 62% used [0x00000000c0000000,0x00000000c92ab628,0x00000000cec00000)
 Metaspace       used 6542K, capacity 7320K, committed 7680K, reserved 1056768K
  class space    used 617K, capacity 656K, committed 768K, reserved 1048576K
GC Heap History (10 events):
Event: 12.489 GC heap before
{Heap before GC invocations=12 (full 2):
 PSYoungGen      total 275968K, used 41442K [0x00000000eab00000, 0x0000000100000000, 0x0000000100000000)
  eden space 234496K, 0% used [0x00000000eab00000,0x00000000eab00000,0x00000000f9000000)
  from space 41472K, 99% used [0x00000000fd780000,0x00000000ffff89e0,0x0000000100000000)
  to   space 57344K, 0% used [0x00000000f9000000,0x00000000f9000000,0x00000000fc800000)
 ParOldGen       total 82944K, used 82504K [0x00000000c0000000, 0x00000000c5100000, 0x00000000eab00000)
  object space 82944K, 99% used [0x00000000c0000000,0x00000000c5092388,0x00000000c5100000)
 Metaspace       used 6512K, capacity 7256K, committed 7424K, reserved 1056768K
  class space    used 615K, capacity 656K, committed 768K, reserved 1048576K
Event: 14.930 GC heap after
Heap after GC invocations=12 (full 2):
 PSYoungGen      total 275968K, used 37158K [0x00000000eab00000, 0x0000000100000000, 0x0000000100000000)
  eden space 234496K, 0% used [0x00000000eab00000,0x00000000eab00000,0x00000000f9000000)
  from space 41472K, 89% used [0x00000000fd780000,0x00000000ffbc9b80,0x0000000100000000)
  to   space 57344K, 0% used [0x00000000f9000000,0x00000000f9000000,0x00000000fc800000)
 ParOldGen       total 148480K, used 82530K [0x00000000c0000000, 0x00000000c9100000, 0x00000000eab00000)
  object space 148480K, 55% used [0x00000000c0000000,0x00000000c5098940,0x00000000c9100000)
 Metaspace       used 6512K, capacity 7256K, committed 7424K, reserved 1056768K
  class space    used 615K, capacity 656K, committed 768K, reserved 1048576K
}
Event: 20.640 GC heap before
{Heap before GC invocations=13 (full 2):
 PSYoungGen      total 275968K, used 271654K [0x00000000eab00000, 0x0000000100000000, 0x0000000100000000)
  eden space 234496K, 100% used [0x00000000eab00000,0x00000000f9000000,0x00000000f9000000)
  from space 41472K, 89% used [0x00000000fd780000,0x00000000ffbc9b80,0x0000000100000000)
  to   space 57344K, 0% used [0x00000000f9000000,0x00000000f9000000,0x00000000fc800000)
 ParOldGen       total 148480K, used 82530K [0x00000000c0000000, 0x00000000c9100000, 0x00000000eab00000)
  object space 148480K, 55% used [0x00000000c0000000,0x00000000c5098940,0x00000000c9100000)
 Metaspace       used 6515K, capacity 7256K, committed 7424K, reserved 1056768K
  class space    used 615K, capacity 656K, committed 768K, reserved 1048576K
Event: 20.893 GC heap after
Heap after GC invocations=13 (full 2):
 PSYoungGen      total 266752K, used 31856K [0x00000000eab00000, 0x0000000100000000, 0x0000000100000000)
  eden space 234496K, 0% used [0x00000000eab00000,0x00000000eab00000,0x00000000f9000000)
  from space 32256K, 98% used [0x00000000f9000000,0x00000000faf1c290,0x00000000faf80000)
  to   space 57856K, 0% used [0x00000000fc780000,0x00000000fc780000,0x0000000100000000)
 ParOldGen       total 148480K, used 120055K [0x00000000c0000000, 0x00000000c9100000, 0x00000000eab00000)
  object space 148480K, 80% used [0x00000000c0000000,0x00000000c753df20,0x00000000c9100000)
 Metaspace       used 6515K, capacity 7256K, committed 7424K, reserved 1056768K
  class space    used 615K, capacity 656K, committed 768K, reserved 1048576K
}
Event: 20.893 GC heap before
{Heap before GC invocations=14 (full 3):
 PSYoungGen      total 266752K, used 31856K [0x00000000eab00000, 0x0000000100000000, 0x0000000100000000)
  eden space 234496K, 0% used [0x00000000eab00000,0x00000000eab00000,0x00000000f9000000)
  from space 32256K, 98% used [0x00000000f9000000,0x00000000faf1c290,0x00000000faf80000)
  to   space 57856K, 0% used [0x00000000fc780000,0x00000000fc780000,0x0000000100000000)
 ParOldGen       total 148480K, used 120055K [0x00000000c0000000, 0x00000000c9100000, 0x00000000eab00000)
  object space 148480K, 80% used [0x00000000c0000000,0x00000000c753df20,0x00000000c9100000)
 Metaspace       used 6515K, capacity 7256K, committed 7424K, reserved 1056768K
  class space    used 615K, capacity 656K, committed 768K, reserved 1048576K
Event: 22.060 GC heap after
Heap after GC invocations=14 (full 3):
 PSYoungGen      total 266752K, used 1501K [0x00000000eab00000, 0x0000000100000000, 0x0000000100000000)
  eden space 234496K, 0% used [0x00000000eab00000,0x00000000eab00000,0x00000000f9000000)
  from space 32256K, 4% used [0x00000000f9000000,0x00000000f9177790,0x00000000faf80000)
  to   space 57856K, 0% used [0x00000000fc780000,0x00000000fc780000,0x0000000100000000)
 ParOldGen       total 241664K, used 148147K [0x00000000c0000000, 0x00000000cec00000, 0x00000000eab00000)
  object space 241664K, 61% used [0x00000000c0000000,0x00000000c90acd18,0x00000000cec00000)
 Metaspace       used 6515K, capacity 7256K, committed 7424K, reserved 1056768K
  class space    used 615K, capacity 656K, committed 768K, reserved 1048576K
}
Event: 23.519 GC heap before
{Heap before GC invocations=15 (full 3):
 PSYoungGen      total 266752K, used 235994K [0x00000000eab00000, 0x0000000100000000, 0x0000000100000000)
  eden space 234496K, 99% used [0x00000000eab00000,0x00000000f8fff350,0x00000000f9000000)
  from space 32256K, 4% used [0x00000000f9000000,0x00000000f9177790,0x00000000faf80000)
  to   space 57856K, 0% used [0x00000000fc780000,0x00000000fc780000,0x0000000100000000)
 ParOldGen       total 241664K, used 148147K [0x00000000c0000000, 0x00000000cec00000, 0x00000000eab00000)
  object space 241664K, 61% used [0x00000000c0000000,0x00000000c90acd18,0x00000000cec00000)
 Metaspace       used 6524K, capacity 7320K, committed 7680K, reserved 1056768K
  class space    used 615K, capacity 656K, committed 768K, reserved 1048576K
Event: 23.664 GC heap after
Heap after GC invocations=15 (full 3):
 PSYoungGen      total 294400K, used 22495K [0x00000000eab00000, 0x0000000100000000, 0x0000000100000000)
  eden space 236544K, 0% used [0x00000000eab00000,0x00000000eab00000,0x00000000f9200000)
  from space 57856K, 38% used [0x00000000fc780000,0x00000000fdd77cf8,0x0000000100000000)
  to   space 54784K, 0% used [0x00000000f9200000,0x00000000f9200000,0x00000000fc780000)
 ParOldGen       total 241664K, used 148155K [0x00000000c0000000, 0x00000000cec00000, 0x00000000eab00000)
  object space 241664K, 61% used [0x00000000c0000000,0x00000000c90aed18,0x00000000cec00000)
 Metaspace       used 6524K, capacity 7320K, committed 7680K, reserved 1056768K
  class space    used 615K, capacity 656K, committed 768K, reserved 1048576K
}
Event: 25.330 GC heap before
{Heap before GC invocations=16 (full 3):
 PSYoungGen      total 294400K, used 259039K [0x00000000eab00000, 0x0000000100000000, 0x0000000100000000)
  eden space 236544K, 100% used [0x00000000eab00000,0x00000000f9200000,0x00000000f9200000)
  from space 57856K, 38% used [0x00000000fc780000,0x00000000fdd77cf8,0x0000000100000000)
  to   space 54784K, 0% used [0x00000000f9200000,0x00000000f9200000,0x00000000fc780000)
 ParOldGen       total 241664K, used 148155K [0x00000000c0000000, 0x00000000cec00000, 0x00000000eab00000)
  object space 241664K, 61% used [0x00000000c0000000,0x00000000c90aed18,0x00000000cec00000)
 Metaspace       used 6530K, capacity 7320K, committed 7680K, reserved 1056768K
  class space    used 615K, capacity 656K, committed 768K, reserved 1048576K
Event: 25.503 GC heap after
Heap after GC invocations=16 (full 3):
 PSYoungGen      total 291328K, used 54757K [0x00000000eab00000, 0x0000000100000000, 0x0000000100000000)
  eden space 236544K, 0% used [0x00000000eab00000,0x00000000eab00000,0x00000000f9200000)
  from space 54784K, 99% used [0x00000000f9200000,0x00000000fc779638,0x00000000fc780000)
  to   space 57856K, 0% used [0x00000000fc780000,0x00000000fc780000,0x0000000100000000)
 ParOldGen       total 241664K, used 150189K [0x00000000c0000000, 0x00000000cec00000, 0x00000000eab00000)
  object space 241664K, 62% used [0x00000000c0000000,0x00000000c92ab628,0x00000000cec00000)
 Metaspace       used 6530K, capacity 7320K, committed 7680K, reserved 1056768K
  class space    used 615K, capacity 656K, committed 768K, reserved 1048576K
}

