# JRE version: Java(TM) SE Runtime Environment (8.0_51-b16) (build 1.8.0_51-b16)
# Java VM: Java HotSpot(TM) 64-Bit Server VM (25.51-b03 mixed mode windows-amd64 compressed oops)
Heap:
 PSYoungGen      total 279040K, used 27936K [0x00000000eab00000, 0x0000000100000000, 0x0000000100000000)
  eden space 208896K, 0% used [0x00000000eab00000,0x00000000eab00000,0x00000000f7700000)
  from space 70144K, 39% used [0x00000000f7700000,0x00000000f9248210,0x00000000fbb80000)
  to   space 66048K, 0% used [0x00000000fbf80000,0x00000000fbf80000,0x0000000100000000)
 ParOldGen       total 240640K, used 221328K [0x00000000c0000000, 0x00000000ceb00000, 0x00000000eab00000)
  object space 240640K, 91% used [0x00000000c0000000,0x00000000cd8241e0,0x00000000ceb00000)
 Metaspace       used 6571K, capacity 7320K, committed 7680K, reserved 1056768K
  class space    used 619K, capacity 656K, committed 768K, reserved 1048576K
GC Heap History (10 events):
Event: 20.138 GC heap after
Heap after GC invocations=16 (full 2):
 PSYoungGen      total 283648K, used 44004K [0x00000000eab00000, 0x0000000100000000, 0x0000000100000000)
  eden space 239616K, 0% used [0x00000000eab00000,0x00000000eab00000,0x00000000f9500000)
  from space 44032K, 99% used [0x00000000fd500000,0x00000000ffff9390,0x0000000100000000)
  to   space 54784K, 0% used [0x00000000f9500000,0x00000000f9500000,0x00000000fca80000)
 ParOldGen       total 138240K, used 111555K [0x00000000c0000000, 0x00000000c8700000, 0x00000000eab00000)
  object space 138240K, 80% used [0x00000000c0000000,0x00000000c6cf0d08,0x00000000c8700000)
 Metaspace       used 6534K, capacity 7256K, committed 7424K, reserved 1056768K
  class space    used 616K, capacity 656K, committed 768K, reserved 1048576K
}
Event: 22.996 GC heap before
{Heap before GC invocations=17 (full 2):
 PSYoungGen      total 283648K, used 283620K [0x00000000eab00000, 0x0000000100000000, 0x0000000100000000)
  eden space 239616K, 100% used [0x00000000eab00000,0x00000000f9500000,0x00000000f9500000)
  from space 44032K, 99% used [0x00000000fd500000,0x00000000ffff9390,0x0000000100000000)
  to   space 54784K, 0% used [0x00000000f9500000,0x00000000f9500000,0x00000000fca80000)
 ParOldGen       total 138240K, used 111555K [0x00000000c0000000, 0x00000000c8700000, 0x00000000eab00000)
  object space 138240K, 80% used [0x00000000c0000000,0x00000000c6cf0d08,0x00000000c8700000)
 Metaspace       used 6538K, capacity 7320K, committed 7680K, reserved 1056768K
  class space    used 616K, capacity 656K, committed 768K, reserved 1048576K
Event: 23.528 GC heap after
Heap after GC invocations=17 (full 2):
 PSYoungGen      total 275968K, used 36141K [0x00000000eab00000, 0x0000000100000000, 0x0000000100000000)
  eden space 239616K, 0% used [0x00000000eab00000,0x00000000eab00000,0x00000000f9500000)
  from space 36352K, 99% used [0x00000000f9500000,0x00000000fb84b6a0,0x00000000fb880000)
  to   space 57344K, 0% used [0x00000000fc800000,0x00000000fc800000,0x0000000100000000)
 ParOldGen       total 156160K, used 155708K [0x00000000c0000000, 0x00000000c9880000, 0x00000000eab00000)
  object space 156160K, 99% used [0x00000000c0000000,0x00000000c980f110,0x00000000c9880000)
 Metaspace       used 6538K, capacity 7320K, committed 7680K, reserved 1056768K
  class space    used 616K, capacity 656K, committed 768K, reserved 1048576K
}
Event: 23.528 GC heap before
{Heap before GC invocations=18 (full 3):
 PSYoungGen      total 275968K, used 36141K [0x00000000eab00000, 0x0000000100000000, 0x0000000100000000)
  eden space 239616K, 0% used [0x00000000eab00000,0x00000000eab00000,0x00000000f9500000)
  from space 36352K, 99% used [0x00000000f9500000,0x00000000fb84b6a0,0x00000000fb880000)
  to   space 57344K, 0% used [0x00000000fc800000,0x00000000fc800000,0x0000000100000000)
 ParOldGen       total 156160K, used 155708K [0x00000000c0000000, 0x00000000c9880000, 0x00000000eab00000)
  object space 156160K, 99% used [0x00000000c0000000,0x00000000c980f110,0x00000000c9880000)
 Metaspace       used 6538K, capacity 7320K, committed 7680K, reserved 1056768K
  class space    used 616K, capacity 656K, committed 768K, reserved 1048576K
Event: 27.001 GC heap after
Heap after GC invocations=18 (full 3):
 PSYoungGen      total 275968K, used 32310K [0x00000000eab00000, 0x0000000100000000, 0x0000000100000000)
  eden space 239616K, 0% used [0x00000000eab00000,0x00000000eab00000,0x00000000f9500000)
  from space 36352K, 88% used [0x00000000f9500000,0x00000000fb48da10,0x00000000fb880000)
  to   space 57344K, 0% used [0x00000000fc800000,0x00000000fc800000,0x0000000100000000)
 ParOldGen       total 240640K, used 155666K [0x00000000c0000000, 0x00000000ceb00000, 0x00000000eab00000)
  object space 240640K, 64% used [0x00000000c0000000,0x00000000c9804990,0x00000000ceb00000)
 Metaspace       used 6538K, capacity 7320K, committed 7680K, reserved 1056768K
  class space    used 616K, capacity 656K, committed 768K, reserved 1048576K
}
Event: 29.158 GC heap before
{Heap before GC invocations=19 (full 3):
 PSYoungGen      total 275968K, used 271926K [0x00000000eab00000, 0x0000000100000000, 0x0000000100000000)
  eden space 239616K, 100% used [0x00000000eab00000,0x00000000f9500000,0x00000000f9500000)
  from space 36352K, 88% used [0x00000000f9500000,0x00000000fb48da10,0x00000000fb880000)
  to   space 57344K, 0% used [0x00000000fc800000,0x00000000fc800000,0x0000000100000000)
 ParOldGen       total 240640K, used 155666K [0x00000000c0000000, 0x00000000ceb00000, 0x00000000eab00000)
  object space 240640K, 64% used [0x00000000c0000000,0x00000000c9804990,0x00000000ceb00000)
 Metaspace       used 6551K, capacity 7320K, committed 7680K, reserved 1056768K
  class space    used 618K, capacity 656K, committed 768K, reserved 1048576K
Event: 29.621 GC heap after
Heap after GC invocations=19 (full 3):
 PSYoungGen      total 266240K, used 57336K [0x00000000eab00000, 0x0000000100000000, 0x0000000100000000)
  eden space 208896K, 0% used [0x00000000eab00000,0x00000000eab00000,0x00000000f7700000)
  from space 57344K, 99% used [0x00000000fc800000,0x00000000ffffe2a0,0x0000000100000000)
  to   space 70144K, 0% used [0x00000000f7700000,0x00000000f7700000,0x00000000fbb80000)
 ParOldGen       total 240640K, used 163685K [0x00000000c0000000, 0x00000000ceb00000, 0x00000000eab00000)
  object space 240640K, 68% used [0x00000000c0000000,0x00000000c9fd9688,0x00000000ceb00000)
 Metaspace       used 6551K, capacity 7320K, committed 7680K, reserved 1056768K
  class space    used 618K, capacity 656K, committed 768K, reserved 1048576K
}
Event: 30.769 GC heap before
{Heap before GC invocations=20 (full 3):
 PSYoungGen      total 266240K, used 266232K [0x00000000eab00000, 0x0000000100000000, 0x0000000100000000)
  eden space 208896K, 100% used [0x00000000eab00000,0x00000000f7700000,0x00000000f7700000)
  from space 57344K, 99% used [0x00000000fc800000,0x00000000ffffe2a0,0x0000000100000000)
  to   space 70144K, 0% used [0x00000000f7700000,0x00000000f7700000,0x00000000fbb80000)
 ParOldGen       total 240640K, used 163685K [0x00000000c0000000, 0x00000000ceb00000, 0x00000000eab00000)
  object space 240640K, 68% used [0x00000000c0000000,0x00000000c9fd9688,0x00000000ceb00000)
 Metaspace       used 6571K, capacity 7320K, committed 7680K, reserved 1056768K
  class space    used 619K, capacity 656K, committed 768K, reserved 1048576K
Event: 31.313 GC heap after
Heap after GC invocations=20 (full 3):
 PSYoungGen      total 279040K, used 27936K [0x00000000eab00000, 0x0000000100000000, 0x0000000100000000)
  eden space 208896K, 0% used [0x00000000eab00000,0x00000000eab00000,0x00000000f7700000)
  from space 70144K, 39% used [0x00000000f7700000,0x00000000f9248210,0x00000000fbb80000)
  to   space 66048K, 0% used [0x00000000fbf80000,0x00000000fbf80000,0x0000000100000000)
 ParOldGen       total 240640K, used 221328K [0x00000000c0000000, 0x00000000ceb00000, 0x00000000eab00000)
  object space 240640K, 91% used [0x00000000c0000000,0x00000000cd8241e0,0x00000000ceb00000)
 Metaspace       used 6571K, capacity 7320K, committed 7680K, reserved 1056768K
  class space    used 619K, capacity 656K, committed 768K, reserved 1048576K
}
Event: 31.313 GC heap before
{Heap before GC invocations=21 (full 4):
 PSYoungGen      total 279040K, used 27936K [0x00000000eab00000, 0x0000000100000000, 0x0000000100000000)
  eden space 208896K, 0% used [0x00000000eab00000,0x00000000eab00000,0x00000000f7700000)
  from space 70144K, 39% used [0x00000000f7700000,0x00000000f9248210,0x00000000fbb80000)
  to   space 66048K, 0% used [0x00000000fbf80000,0x00000000fbf80000,0x0000000100000000)
 ParOldGen       total 240640K, used 221328K [0x00000000c0000000, 0x00000000ceb00000, 0x00000000eab00000)
  object space 240640K, 91% used [0x00000000c0000000,0x00000000cd8241e0,0x00000000ceb00000)
 Metaspace       used 6571K, capacity 7320K, committed 7680K, reserved 1056768K
  class space    used 619K, capacity 656K, committed 768K, reserved 1048576K

