# JRE version: Java(TM) SE Runtime Environment (8.0_51-b16) (build 1.8.0_51-b16)
# Java VM: Java HotSpot(TM) 64-Bit Server VM (25.51-b03 mixed mode windows-amd64 compressed oops)
Heap:
 PSYoungGen      total 232960K, used 157221K [0x00000000eab00000, 0x0000000100000000, 0x0000000100000000)
  eden space 116736K, 55% used [0x00000000eab00000,0x00000000ee9d6210,0x00000000f1d00000)
  from space 116224K, 79% used [0x00000000f1d00000,0x00000000f77b3280,0x00000000f8e80000)
  to   space 116224K, 0% used [0x00000000f8e80000,0x00000000f8e80000,0x0000000100000000)
 ParOldGen       total 519168K, used 407173K [0x00000000c0000000, 0x00000000dfb00000, 0x00000000eab00000)
  object space 519168K, 78% used [0x00000000c0000000,0x00000000d8da1650,0x00000000dfb00000)
 Metaspace       used 6579K, capacity 7320K, committed 7680K, reserved 1056768K
  class space    used 620K, capacity 656K, committed 768K, reserved 1048576K
GC Heap History (10 events):
Event: 46.023 GC heap before
{Heap before GC invocations=28 (full 5):
 PSYoungGen      total 231936K, used 139706K [0x00000000eab00000, 0x00000000fff00000, 0x0000000100000000)
  eden space 116736K, 100% used [0x00000000eab00000,0x00000000f1d00000,0x00000000f1d00000)
  from space 115200K, 19% used [0x00000000f8e80000,0x00000000fa4ee830,0x00000000fff00000)
  to   space 115712K, 0% used [0x00000000f1d00000,0x00000000f1d00000,0x00000000f8e00000)
 ParOldGen       total 519168K, used 384880K [0x00000000c0000000, 0x00000000dfb00000, 0x00000000eab00000)
  object space 519168K, 74% used [0x00000000c0000000,0x00000000d77dc360,0x00000000dfb00000)
 Metaspace       used 6569K, capacity 7320K, committed 7680K, reserved 1056768K
  class space    used 620K, capacity 656K, committed 768K, reserved 1048576K
Event: 46.138 GC heap after
Heap after GC invocations=28 (full 5):
 PSYoungGen      total 158720K, used 41970K [0x00000000eab00000, 0x00000000ff580000, 0x0000000100000000)
  eden space 116736K, 0% used [0x00000000eab00000,0x00000000eab00000,0x00000000f1d00000)
  from space 41984K, 99% used [0x00000000f1d00000,0x00000000f45fc9d8,0x00000000f4600000)
  to   space 110080K, 0% used [0x00000000f8a00000,0x00000000f8a00000,0x00000000ff580000)
 ParOldGen       total 519168K, used 384888K [0x00000000c0000000, 0x00000000dfb00000, 0x00000000eab00000)
  object space 519168K, 74% used [0x00000000c0000000,0x00000000d77de360,0x00000000dfb00000)
 Metaspace       used 6569K, capacity 7320K, committed 7680K, reserved 1056768K
  class space    used 620K, capacity 656K, committed 768K, reserved 1048576K
}
Event: 46.867 GC heap before
{Heap before GC invocations=29 (full 5):
 PSYoungGen      total 158720K, used 158706K [0x00000000eab00000, 0x00000000ff580000, 0x0000000100000000)
  eden space 116736K, 100% used [0x00000000eab00000,0x00000000f1d00000,0x00000000f1d00000)
  from space 41984K, 99% used [0x00000000f1d00000,0x00000000f45fc9d8,0x00000000f4600000)
  to   space 110080K, 0% used [0x00000000f8a00000,0x00000000f8a00000,0x00000000ff580000)
 ParOldGen       total 519168K, used 384888K [0x00000000c0000000, 0x00000000dfb00000, 0x00000000eab00000)
  object space 519168K, 74% used [0x00000000c0000000,0x00000000d77de360,0x00000000dfb00000)
 Metaspace       used 6571K, capacity 7320K, committed 7680K, reserved 1056768K
  class space    used 620K, capacity 656K, committed 768K, reserved 1048576K
Event: 47.021 GC heap after
Heap after GC invocations=29 (full 5):
 PSYoungGen      total 229888K, used 59613K [0x00000000eab00000, 0x0000000100000000, 0x0000000100000000)
  eden space 119808K, 0% used [0x00000000eab00000,0x00000000eab00000,0x00000000f2000000)
  from space 110080K, 54% used [0x00000000f8a00000,0x00000000fc437458,0x00000000ff580000)
  to   space 108544K, 0% used [0x00000000f2000000,0x00000000f2000000,0x00000000f8a00000)
 ParOldGen       total 519168K, used 384888K [0x00000000c0000000, 0x00000000dfb00000, 0x00000000eab00000)
  object space 519168K, 74% used [0x00000000c0000000,0x00000000d77de360,0x00000000dfb00000)
 Metaspace       used 6571K, capacity 7320K, committed 7680K, reserved 1056768K
  class space    used 620K, capacity 656K, committed 768K, reserved 1048576K
}
Event: 48.929 GC heap before
{Heap before GC invocations=30 (full 5):
 PSYoungGen      total 229888K, used 179421K [0x00000000eab00000, 0x0000000100000000, 0x0000000100000000)
  eden space 119808K, 100% used [0x00000000eab00000,0x00000000f2000000,0x00000000f2000000)
  from space 110080K, 54% used [0x00000000f8a00000,0x00000000fc437458,0x00000000ff580000)
  to   space 108544K, 0% used [0x00000000f2000000,0x00000000f2000000,0x00000000f8a00000)
 ParOldGen       total 519168K, used 384888K [0x00000000c0000000, 0x00000000dfb00000, 0x00000000eab00000)
  object space 519168K, 74% used [0x00000000c0000000,0x00000000d77de360,0x00000000dfb00000)
 Metaspace       used 6573K, capacity 7320K, committed 7680K, reserved 1056768K
  class space    used 620K, capacity 656K, committed 768K, reserved 1048576K
Event: 49.246 GC heap after
Heap after GC invocations=30 (full 5):
 PSYoungGen      total 228352K, used 77410K [0x00000000eab00000, 0x0000000100000000, 0x0000000100000000)
  eden space 119808K, 0% used [0x00000000eab00000,0x00000000eab00000,0x00000000f2000000)
  from space 108544K, 71% used [0x00000000f2000000,0x00000000f6b989e0,0x00000000f8a00000)
  to   space 113152K, 0% used [0x00000000f9180000,0x00000000f9180000,0x0000000100000000)
 ParOldGen       total 519168K, used 384888K [0x00000000c0000000, 0x00000000dfb00000, 0x00000000eab00000)
  object space 519168K, 74% used [0x00000000c0000000,0x00000000d77de360,0x00000000dfb00000)
 Metaspace       used 6573K, capacity 7320K, committed 7680K, reserved 1056768K
  class space    used 620K, capacity 656K, committed 768K, reserved 1048576K
}
Event: 50.410 GC heap before
{Heap before GC invocations=31 (full 5):
 PSYoungGen      total 228352K, used 197218K [0x00000000eab00000, 0x0000000100000000, 0x0000000100000000)
  eden space 119808K, 100% used [0x00000000eab00000,0x00000000f2000000,0x00000000f2000000)
  from space 108544K, 71% used [0x00000000f2000000,0x00000000f6b989e0,0x00000000f8a00000)
  to   space 113152K, 0% used [0x00000000f9180000,0x00000000f9180000,0x0000000100000000)
 ParOldGen       total 519168K, used 384888K [0x00000000c0000000, 0x00000000dfb00000, 0x00000000eab00000)
  object space 519168K, 74% used [0x00000000c0000000,0x00000000d77de360,0x00000000dfb00000)
 Metaspace       used 6579K, capacity 7320K, committed 7680K, reserved 1056768K
  class space    used 620K, capacity 656K, committed 768K, reserved 1048576K
Event: 50.677 GC heap after
Heap after GC invocations=31 (full 5):
 PSYoungGen      total 229888K, used 95878K [0x00000000eab00000, 0x0000000100000000, 0x0000000100000000)
  eden space 116736K, 0% used [0x00000000eab00000,0x00000000eab00000,0x00000000f1d00000)
  from space 113152K, 84% used [0x00000000f9180000,0x00000000fef21878,0x0000000100000000)
  to   space 116224K, 0% used [0x00000000f1d00000,0x00000000f1d00000,0x00000000f8e80000)
 ParOldGen       total 519168K, used 384896K [0x00000000c0000000, 0x00000000dfb00000, 0x00000000eab00000)
  object space 519168K, 74% used [0x00000000c0000000,0x00000000d77e0360,0x00000000dfb00000)
 Metaspace       used 6579K, capacity 7320K, committed 7680K, reserved 1056768K
  class space    used 620K, capacity 656K, committed 768K, reserved 1048576K
}
Event: 52.957 GC heap before
{Heap before GC invocations=32 (full 5):
 PSYoungGen      total 229888K, used 212614K [0x00000000eab00000, 0x0000000100000000, 0x0000000100000000)
  eden space 116736K, 100% used [0x00000000eab00000,0x00000000f1d00000,0x00000000f1d00000)
  from space 113152K, 84% used [0x00000000f9180000,0x00000000fef21878,0x0000000100000000)
  to   space 116224K, 0% used [0x00000000f1d00000,0x00000000f1d00000,0x00000000f8e80000)
 ParOldGen       total 519168K, used 384896K [0x00000000c0000000, 0x00000000dfb00000, 0x00000000eab00000)
  object space 519168K, 74% used [0x00000000c0000000,0x00000000d77e0360,0x00000000dfb00000)
 Metaspace       used 6579K, capacity 7320K, committed 7680K, reserved 1056768K
  class space    used 620K, capacity 656K, committed 768K, reserved 1048576K
Event: 53.349 GC heap after
Heap after GC invocations=32 (full 5):
 PSYoungGen      total 232960K, used 92876K [0x00000000eab00000, 0x0000000100000000, 0x0000000100000000)
  eden space 116736K, 0% used [0x00000000eab00000,0x00000000eab00000,0x00000000f1d00000)
  from space 116224K, 79% used [0x00000000f1d00000,0x00000000f77b3280,0x00000000f8e80000)
  to   space 116224K, 0% used [0x00000000f8e80000,0x00000000f8e80000,0x0000000100000000)
 ParOldGen       total 519168K, used 407173K [0x00000000c0000000, 0x00000000dfb00000, 0x00000000eab00000)
  object space 519168K, 78% used [0x00000000c0000000,0x00000000d8da1650,0x00000000dfb00000)
 Metaspace       used 6579K, capacity 7320K, committed 7680K, reserved 1056768K
  class space    used 620K, capacity 656K, committed 768K, reserved 1048576K
}

