# JRE version: Java(TM) SE Runtime Environment (8.0_51-b16) (build 1.8.0_51-b16)
# Java VM: Java HotSpot(TM) 64-Bit Server VM (25.51-b03 mixed mode windows-amd64 compressed oops)
Heap:
 PSYoungGen      total 277504K, used 96157K [0x00000000eab00000, 0x00000000fe900000, 0x0000000100000000)
  eden space 231424K, 41% used [0x00000000eab00000,0x00000000f08e7600,0x00000000f8d00000)
  from space 46080K, 0% used [0x00000000fbc00000,0x00000000fbc00000,0x00000000fe900000)
  to   space 47104K, 0% used [0x00000000f8d00000,0x00000000f8d00000,0x00000000fbb00000)
 ParOldGen       total 179200K, used 40388K [0x00000000c0000000, 0x00000000caf00000, 0x00000000eab00000)
  object space 179200K, 22% used [0x00000000c0000000,0x00000000c27712e0,0x00000000caf00000)
 Metaspace       used 51486K, capacity 52994K, committed 53120K, reserved 1095680K
  class space    used 6900K, capacity 7245K, committed 7296K, reserved 1048576K
GC Heap History (10 events):
Event: 85.539 GC heap before
{Heap before GC invocations=23 (full 4):
 PSYoungGen      total 182272K, used 30208K [0x00000000eab00000, 0x00000000fd700000, 0x0000000100000000)
  eden space 152064K, 0% used [0x00000000eab00000,0x00000000eab00000,0x00000000f3f80000)
  from space 30208K, 100% used [0x00000000f3f80000,0x00000000f5d00000,0x00000000f5d00000)
  to   space 52736K, 0% used [0x00000000fa380000,0x00000000fa380000,0x00000000fd700000)
 ParOldGen       total 109568K, used 109179K [0x00000000c0000000, 0x00000000c6b00000, 0x00000000eab00000)
  object space 109568K, 99% used [0x00000000c0000000,0x00000000c6a9ec18,0x00000000c6b00000)
 Metaspace       used 47840K, capacity 48852K, committed 49024K, reserved 1091584K
  class space    used 6440K, capacity 6728K, committed 6784K, reserved 1048576K
Event: 87.089 GC heap after
Heap after GC invocations=23 (full 4):
 PSYoungGen      total 182272K, used 6134K [0x00000000eab00000, 0x00000000fd700000, 0x0000000100000000)
  eden space 152064K, 0% used [0x00000000eab00000,0x00000000eab00000,0x00000000f3f80000)
  from space 30208K, 20% used [0x00000000f3f80000,0x00000000f457d990,0x00000000f5d00000)
  to   space 52736K, 0% used [0x00000000fa380000,0x00000000fa380000,0x00000000fd700000)
 ParOldGen       total 179200K, used 109253K [0x00000000c0000000, 0x00000000caf00000, 0x00000000eab00000)
  object space 179200K, 60% used [0x00000000c0000000,0x00000000c6ab1508,0x00000000caf00000)
 Metaspace       used 47840K, capacity 48852K, committed 49024K, reserved 1091584K
  class space    used 6440K, capacity 6728K, committed 6784K, reserved 1048576K
}
Event: 87.535 GC heap before
{Heap before GC invocations=24 (full 4):
 PSYoungGen      total 182272K, used 158198K [0x00000000eab00000, 0x00000000fd700000, 0x0000000100000000)
  eden space 152064K, 100% used [0x00000000eab00000,0x00000000f3f80000,0x00000000f3f80000)
  from space 30208K, 20% used [0x00000000f3f80000,0x00000000f457d990,0x00000000f5d00000)
  to   space 52736K, 0% used [0x00000000fa380000,0x00000000fa380000,0x00000000fd700000)
 ParOldGen       total 179200K, used 109253K [0x00000000c0000000, 0x00000000caf00000, 0x00000000eab00000)
  object space 179200K, 60% used [0x00000000c0000000,0x00000000c6ab1508,0x00000000caf00000)
 Metaspace       used 47851K, capacity 48916K, committed 49024K, reserved 1091584K
  class space    used 6440K, capacity 6728K, committed 6784K, reserved 1048576K
Event: 87.627 GC heap after
Heap after GC invocations=24 (full 4):
 PSYoungGen      total 221696K, used 14144K [0x00000000eab00000, 0x00000000fc400000, 0x0000000100000000)
  eden space 188416K, 0% used [0x00000000eab00000,0x00000000eab00000,0x00000000f6300000)
  from space 33280K, 42% used [0x00000000fa380000,0x00000000fb150000,0x00000000fc400000)
  to   space 49664K, 0% used [0x00000000f6300000,0x00000000f6300000,0x00000000f9380000)
 ParOldGen       total 179200K, used 114725K [0x00000000c0000000, 0x00000000caf00000, 0x00000000eab00000)
  object space 179200K, 64% used [0x00000000c0000000,0x00000000c7009508,0x00000000caf00000)
 Metaspace       used 47851K, capacity 48916K, committed 49024K, reserved 1091584K
  class space    used 6440K, capacity 6728K, committed 6784K, reserved 1048576K
}
Event: 89.630 GC heap before
{Heap before GC invocations=25 (full 4):
 PSYoungGen      total 221696K, used 202560K [0x00000000eab00000, 0x00000000fc400000, 0x0000000100000000)
  eden space 188416K, 100% used [0x00000000eab00000,0x00000000f6300000,0x00000000f6300000)
  from space 33280K, 42% used [0x00000000fa380000,0x00000000fb150000,0x00000000fc400000)
  to   space 49664K, 0% used [0x00000000f6300000,0x00000000f6300000,0x00000000f9380000)
 ParOldGen       total 179200K, used 114725K [0x00000000c0000000, 0x00000000caf00000, 0x00000000eab00000)
  object space 179200K, 64% used [0x00000000c0000000,0x00000000c7009508,0x00000000caf00000)
 Metaspace       used 48110K, capacity 49268K, committed 49536K, reserved 1091584K
  class space    used 6463K, capacity 6760K, committed 6784K, reserved 1048576K
Event: 89.706 GC heap after
Heap after GC invocations=25 (full 4):
 PSYoungGen      total 238080K, used 8848K [0x00000000eab00000, 0x00000000feb00000, 0x0000000100000000)
  eden space 188416K, 0% used [0x00000000eab00000,0x00000000eab00000,0x00000000f6300000)
  from space 49664K, 17% used [0x00000000f6300000,0x00000000f6ba4248,0x00000000f9380000)
  to   space 48128K, 0% used [0x00000000fbc00000,0x00000000fbc00000,0x00000000feb00000)
 ParOldGen       total 179200K, used 128925K [0x00000000c0000000, 0x00000000caf00000, 0x00000000eab00000)
  object space 179200K, 71% used [0x00000000c0000000,0x00000000c7de7508,0x00000000caf00000)
 Metaspace       used 48110K, capacity 49268K, committed 49536K, reserved 1091584K
  class space    used 6463K, capacity 6760K, committed 6784K, reserved 1048576K
}
Event: 200.336 GC heap before
{Heap before GC invocations=26 (full 4):
 PSYoungGen      total 238080K, used 84466K [0x00000000eab00000, 0x00000000feb00000, 0x0000000100000000)
  eden space 188416K, 40% used [0x00000000eab00000,0x00000000ef4d8668,0x00000000f6300000)
  from space 49664K, 17% used [0x00000000f6300000,0x00000000f6ba4248,0x00000000f9380000)
  to   space 48128K, 0% used [0x00000000fbc00000,0x00000000fbc00000,0x00000000feb00000)
 ParOldGen       total 179200K, used 128925K [0x00000000c0000000, 0x00000000caf00000, 0x00000000eab00000)
  object space 179200K, 71% used [0x00000000c0000000,0x00000000c7de7508,0x00000000caf00000)
 Metaspace       used 50770K, capacity 52142K, committed 52352K, reserved 1093632K
  class space    used 6875K, capacity 7208K, committed 7296K, reserved 1048576K
Event: 200.400 GC heap after
Heap after GC invocations=26 (full 4):
 PSYoungGen      total 277504K, used 3925K [0x00000000eab00000, 0x00000000fe900000, 0x0000000100000000)
  eden space 231424K, 0% used [0x00000000eab00000,0x00000000eab00000,0x00000000f8d00000)
  from space 46080K, 8% used [0x00000000fbc00000,0x00000000fbfd5480,0x00000000fe900000)
  to   space 47104K, 0% used [0x00000000f8d00000,0x00000000f8d00000,0x00000000fbb00000)
 ParOldGen       total 179200K, used 135117K [0x00000000c0000000, 0x00000000caf00000, 0x00000000eab00000)
  object space 179200K, 75% used [0x00000000c0000000,0x00000000c83f3508,0x00000000caf00000)
 Metaspace       used 50770K, capacity 52142K, committed 52352K, reserved 1093632K
  class space    used 6875K, capacity 7208K, committed 7296K, reserved 1048576K
}
Event: 200.400 GC heap before
{Heap before GC invocations=27 (full 5):
 PSYoungGen      total 277504K, used 3925K [0x00000000eab00000, 0x00000000fe900000, 0x0000000100000000)
  eden space 231424K, 0% used [0x00000000eab00000,0x00000000eab00000,0x00000000f8d00000)
  from space 46080K, 8% used [0x00000000fbc00000,0x00000000fbfd5480,0x00000000fe900000)
  to   space 47104K, 0% used [0x00000000f8d00000,0x00000000f8d00000,0x00000000fbb00000)
 ParOldGen       total 179200K, used 135117K [0x00000000c0000000, 0x00000000caf00000, 0x00000000eab00000)
  object space 179200K, 75% used [0x00000000c0000000,0x00000000c83f3508,0x00000000caf00000)
 Metaspace       used 50770K, capacity 52142K, committed 52352K, reserved 1093632K
  class space    used 6875K, capacity 7208K, committed 7296K, reserved 1048576K
Event: 200.828 GC heap after
Heap after GC invocations=27 (full 5):
 PSYoungGen      total 277504K, used 0K [0x00000000eab00000, 0x00000000fe900000, 0x0000000100000000)
  eden space 231424K, 0% used [0x00000000eab00000,0x00000000eab00000,0x00000000f8d00000)
  from space 46080K, 0% used [0x00000000fbc00000,0x00000000fbc00000,0x00000000fe900000)
  to   space 47104K, 0% used [0x00000000f8d00000,0x00000000f8d00000,0x00000000fbb00000)
 ParOldGen       total 179200K, used 40388K [0x00000000c0000000, 0x00000000caf00000, 0x00000000eab00000)
  object space 179200K, 22% used [0x00000000c0000000,0x00000000c27712e0,0x00000000caf00000)
 Metaspace       used 50770K, capacity 52142K, committed 52352K, reserved 1093632K
  class space    used 6875K, capacity 7208K, committed 7296K, reserved 1048576K
}

